<?xml version="1.0" encoding="UTF-8"?>
<!-- Generated by org.testng.reporters.JUnitReportReporter -->
<testsuite hostname="Anejahs-MacBook-Pro.local" failures="0" tests="1" name="acrooms.appium.SwipeDemo" time="11.405" errors="0" timestamp="2022-11-15T16:38:51 EST" skipped="0">
  <testcase classname="acrooms.appium.SwipeDemo" name="ScrollDemoTest" time="11.405"/>
  <system-out/>
</testsuite> <!-- acrooms.appium.SwipeDemo -->
