<?xml version="1.0" encoding="UTF-8"?>
<!-- Generated by org.testng.reporters.JUnitReportReporter -->
<testsuite hostname="Anejahs-MacBook-Pro.local" failures="0" tests="1" name="acrooms.appium.LongPress" time="8.079" errors="0" timestamp="2022-11-14T14:54:57 EST" skipped="0">
  <testcase classname="acrooms.appium.LongPress" name="LongPressGesture" time="8.079"/>
  <system-out/>
</testsuite> <!-- acrooms.appium.LongPress -->
