<?xml version="1.0" encoding="UTF-8"?>
<!-- Generated by org.testng.reporters.JUnitReportReporter -->
<testsuite hostname="Anejahs-MacBook-Pro.local" failures="0" tests="1" name="acrooms.appium.AppiumBasic" time="14.291" errors="0" timestamp="2022-11-10T15:52:44 EST" skipped="0">
  <testcase classname="acrooms.appium.AppiumBasic" name="AppiumTesting" time="14.291"/>
  <system-out/>
</testsuite> <!-- acrooms.appium.AppiumBasic -->
