<?xml version="1.0" encoding="UTF-8"?>
<!-- Generated by org.testng.reporters.JUnitReportReporter -->
<testsuite hostname="Anejahs-MacBook-Pro.local" failures="0" tests="1" name="acrooms.appium.DragandDrop" time="7.221" errors="0" timestamp="2022-11-16T12:54:56 EST" skipped="0">
  <testcase classname="acrooms.appium.DragandDrop" name="ScrollGesture" time="7.221"/>
  <system-out/>
</testsuite> <!-- acrooms.appium.DragandDrop -->
