<?xml version="1.0" encoding="UTF-8"?>
<!-- Generated by org.testng.reporters.JUnitReportReporter -->
<testsuite hostname="Anejahs-MacBook-Pro.local" failures="0" tests="1" name="acrooms.appium.MiscellanousAppiumActions" time="18.468" errors="0" timestamp="2022-11-16T13:54:58 EST" skipped="0">
  <testcase classname="acrooms.appium.MiscellanousAppiumActions" name="MiscellanousTesting" time="18.468"/>
  <system-out/>
</testsuite> <!-- acrooms.appium.MiscellanousAppiumActions -->
