<?xml version="1.0" encoding="UTF-8"?>
<!-- Generated by org.testng.reporters.JUnitReportReporter -->
<testsuite hostname="Anejahs-MacBook-Pro.local" failures="0" tests="1" name="acrooms.appium.Scroll" time="4.345" errors="0" timestamp="2022-11-14T15:29:29 EST" skipped="0">
  <testcase classname="acrooms.appium.Scroll" name="ScrollGesture" time="4.345"/>
  <system-out/>
</testsuite> <!-- acrooms.appium.Scroll -->
